2022-11-29 16:23:16,977 [      0]   INFO -        #com.intellij.idea.Main - ------------------------------------------------------ IDE STARTED ------------------------------------------------------ 
2022-11-29 16:23:17,091 [    114]   INFO -        #com.intellij.idea.Main - IDE: Android Studio (build #AI-213.7172.25.2113.9014738, 01 Sep 2022 03:42) 
2022-11-29 16:23:17,095 [    118]   INFO -        #com.intellij.idea.Main - OS: Mac OS X (13.0, x86_64) 
2022-11-29 16:23:17,108 [    131]   INFO -        #com.intellij.idea.Main - JRE: 11.0.16+11-LTS-199 (Oracle Corporation) 
2022-11-29 16:23:17,110 [    133]   INFO - llij.ide.plugins.PluginManager - Ignoring cached broken plugins file from an earlier IDE build (AI-213.7172.25.2113.__BUILD_NUMBER__) 
2022-11-29 16:23:17,141 [    164]   INFO -        #com.intellij.idea.Main - JVM: 11.0.16+11-LTS-199 (Java HotSpot(TM) 64-Bit Server VM) 
2022-11-29 16:23:17,161 [    184]   INFO -        #com.intellij.idea.Main - JVM options: [-Dapple.awt.fileDialogForDirectories=true, -Dapple.laf.useScreenMenuBar=true, -Didea.auto.reload.plugins=true, -Didea.classpath.index.enabled=false, -Didea.config.path=/Users/piseychheang/Documents/Projects/Samples/plugin_generate_screen/build/idea-sandbox/config, -Didea.is.internal=true, -Didea.platform.prefix=AndroidStudio, -Didea.plugins.path=/Users/piseychheang/Documents/Projects/Samples/plugin_generate_screen/build/idea-sandbox/plugins, -Didea.required.plugins.id=com.cps.plugingenerate, -Didea.smooth.progress=false, -Didea.system.path=/Users/piseychheang/Documents/Projects/Samples/plugin_generate_screen/build/idea-sandbox/system, -Xms256m, -Xmx512m, -Dfile.encoding=UTF-8, -Duser.country=US, -Duser.language=en, -Duser.variant, -ea] 
2022-11-29 16:23:17,161 [    184]   INFO -        #com.intellij.idea.Main - args: [] 
2022-11-29 16:23:17,162 [    185]   INFO -        #com.intellij.idea.Main - library path: /Users/piseychheang/Library/Java/Extensions:/Library/Java/Extensions:/Network/Library/Java/Extensions:/System/Library/Java/Extensions:/usr/lib/java:. 
2022-11-29 16:23:17,162 [    185]   INFO -        #com.intellij.idea.Main - boot library path: /Library/Java/JavaVirtualMachines/jdk-11.0.16.jdk/Contents/Home/lib 
2022-11-29 16:23:17,261 [    284]   INFO - .intellij.util.EnvironmentUtil - loading shell env: /bin/zsh -l -i -c '/Applications/Android Studio.app/Contents/bin/printenv' '/var/folders/xd/805fcnqs3nj56dqdk6vzk5h80000gp/T/intellij-shell-env.12313175431199701717.tmp' 
2022-11-29 16:23:17,341 [    364]   INFO -        #com.intellij.idea.Main - locale=en_US JNU=UTF-8 file.encoding=UTF-8
  idea.config.path=/Users/piseychheang/Documents/Projects/Samples/plugin_generate_screen/build/idea-sandbox/config
  idea.system.path=/Users/piseychheang/Documents/Projects/Samples/plugin_generate_screen/build/idea-sandbox/system
  idea.plugins.path=/Users/piseychheang/Documents/Projects/Samples/plugin_generate_screen/build/idea-sandbox/plugins
  idea.log.path=/Users/piseychheang/Documents/Projects/Samples/plugin_generate_screen/build/idea-sandbox/system/log 
2022-11-29 16:23:17,392 [    415]   INFO - .intellij.util.EnvironmentUtil - shell environment loaded (15 vars) 
2022-11-29 16:23:17,420 [    443]   INFO -        #com.intellij.idea.Main - CPU cores: 4; ForkJoinPool.commonPool: java.util.concurrent.ForkJoinPool@4f535956[Running, parallelism = 3, size = 3, active = 3, running = 3, steals = 1, tasks = 1, submissions = 0]; factory: com.intellij.concurrency.IdeaForkJoinWorkerThreadFactory@942860b 
2022-11-29 16:23:17,447 [    470]   INFO - .intellij.util.EnvironmentUtil - LC_CTYPE=en_US.UTF-8 
2022-11-29 16:23:17,693 [    716]   INFO - llij.ide.plugins.PluginManager - Plugin PluginDescriptor(name=Groovy, id=org.intellij.groovy, descriptorPath=plugin.xml, path=/Applications/Android Studio.app/Contents/plugins/Groovy, version=213.7172.25.2113.9014738, package=org.jetbrains.plugins.groovy, isBundled=true) misses optional descriptor duplicates-groovy.xml 
2022-11-29 16:23:17,695 [    718]   INFO - llij.ide.plugins.PluginManager - Plugin PluginDescriptor(name=Groovy, id=org.intellij.groovy, descriptorPath=plugin.xml, path=/Applications/Android Studio.app/Contents/plugins/Groovy, version=213.7172.25.2113.9014738, package=org.jetbrains.plugins.groovy, isBundled=true) misses optional descriptor duplicates-detection-groovy.xml 
2022-11-29 16:23:17,861 [    884]   INFO -        #com.intellij.idea.Main - JNA library (64-bit) loaded in 424 ms 
2022-11-29 16:23:17,944 [    967]   INFO - llij.ide.plugins.PluginManager - Module kotlin.grazie is not enabled because dependency tanvd.grazi is not available
Module kotlin.project-wizard.maven is not enabled because dependency org.jetbrains.idea.maven is not available
Module kotlin.maven is not enabled because dependency org.jetbrains.idea.maven is not available
Module kotlin.compiler-plugins.compiler-plugin-support.maven is not enabled because dependency kotlin.maven is not available
Module kotlin.compiler-plugins.lombok.maven is not enabled because dependency kotlin.maven is not available
Module kotlin.compiler-plugins.kotlinx-serialization.maven is not enabled because dependency kotlin.maven is not available
Module kotlin.compiler-plugins.sam-with-receiver.maven is not enabled because dependency kotlin.maven is not available
Module kotlin.compiler-plugins.noarg.maven is not enabled because dependency kotlin.maven is not available
Module kotlin.compiler-plugins.allopen.maven is not enabled because dependency kotlin.maven is not available
Module intellij.groovy/byte-code-viewer is not enabled because dependency ByteCodeViewer is not available
Module intellij.groovy/ant is not enabled because dependency AntSupport is not available 
2022-11-29 16:23:17,963 [    986]   INFO - llij.ide.plugins.PluginManager - Loaded bundled plugins: IDEA CORE (213.7172.25), Toml (213.7172.25.2113.9014738), Settings Repository (213.7172.25.2113.9014738), YAML (213.7172.25.2113.9014738), TextMate Bundles (213.7172.25.2113.9014738), Terminal (213.7172.25.2113.9014738), JetBrains maven model api classes (213.7172.25.2113.9014738), JetBrains Repository Search (213.7172.25.2113.9014738), EditorConfig (213.7172.25.2113.9014738), WebP Support (213.7172.25.2113.9014738), Mercurial (213.7172.25.2113.9014738), Shell Script (213.7172.25.2113.9014738), Copyright (213.7172.25.2113.9014738), Properties (213.7172.25.2113.9014738), Gradle (213.7172.25.2113.9014738), Images (213.7172.25.2113.9014738), Java (213.7172.25.2113.9014738), Kotlin (213-1.7.10-release-for-android-studio-AS6777.52), Java Bytecode Decompiler (213.7172.25.2113.9014738), Java Stream Debugger (213.7172.25.2113.9014738), IntelliLang (213.7172.25.2113.9014738), Markdown (213.7172.25.2113.9014738), Groovy (213.7172.25.2113.9014738), Task Management (213.7172.25.2113.9014738), Java IDE Customization (213.7172.25.2113.9014738), Java Internationalization (213.7172.25.2113.9014738), Configuration Script (213.7172.25.2113.9014738), Machine Learning Code Completion (213.7172.25.2113.9014738), CIDR Debugger (213.7172.25.2113.9014738), CIDR Base (213.7172.25.2113.9014738), Clangd Support (213.7172.25.2113.9014738), C/C++ Language Support (213.7172.25.2113.9014738), Clangd-CLion Bridge (213.7172.25.2113.9014738), Google Login (213.7172.25.2113.9014738), Smali Support (213.7172.25.2113.9014738), TestNG (213.7172.25.2113.9014738), Subversion (213.7172.25.2113.9014738), JUnit (213.7172.25.2113.9014738), GitHub (213.7172.25.2113.9014738), Git (213.7172.25.2113.9014738), ChangeReminder (213.7172.25.2113.9014738), Code Coverage for Java (213.7172.25.2113.9014738), Gradle-Java (213.7172.25.2113.9014738), Google Cloud Tools Core (213.7172.25.2113.9014738), Android (2021.3.1 Final), App Links Assistant (213.7172.25.2113.9014738), Firebase Testing (213.7172.25.2113.9014738), Test Recorder (213.7172.25.2113.9014738), Google Developers Samples (213.7172.25.2113.9014738), Firebase App Indexing (213.7172.25.2113.9014738), Firebase Services (213.7172.25.2113.9014738), Google Cloud Tools For Android Studio (213.7172.25.2113.9014738), Android NDK Support (213.7172.25.2113.9014738), Android APK Support (213.7172.25.2113.9014738), Design Tools (213.7172.25.2113.9014738), Jetpack Compose (213.7172.25.2113.9014738) 
2022-11-29 16:23:17,963 [    986]   INFO - llij.ide.plugins.PluginManager - Loaded custom plugins: CPS-Screen-Generate (1.0.0) 
2022-11-29 16:23:17,964 [    987]   INFO -        #com.intellij.idea.Main - notify that start-up thread is free 
2022-11-29 16:23:18,615 [   1638]   WARN - i.mac.MacOSApplicationProvider - No URL bundle (CFBundleURLTypes) is defined in the main bundle.
To be able to open external links, specify protocols in the app layout section of the build file.
Example: args.urlSchemes = ["your-protocol"] will handle following links: your-protocol://open?file=file&line=line 
2022-11-29 16:23:19,360 [   2383]   INFO - intellij.util.io.FilePageCache - lower=100; upper=492; buffer=10; max=492 
2022-11-29 16:23:19,534 [   2557]   INFO - rsistent.PersistentFSConnector - Marking VFS as corrupted: '/Users/piseychheang/Documents/Projects/Samples/plugin_generate_screen/build/idea-sandbox/system/caches/names.dat' does not exist 
2022-11-29 16:23:19,755 [   2778]   INFO - rains.ide.BuiltInServerManager - built-in server started, port 63344 
2022-11-29 16:23:19,772 [   2795]   WARN - tor.impl.FontFamilyServiceImpl - Couldn't access required runtime API, will fall back to basic logic of font selection 
2022-11-29 16:23:19,772 [   2795]   WARN - j.internal.DebugAttachDetector - Unable to start DebugAttachDetector, please add `--add-exports java.base/jdk.internal.vm=ALL-UNNAMED` to VM options 
2022-11-29 16:23:19,787 [   2810]   INFO - .history.utils.LocalHistoryLog - local history version mismatch (was: 0, expected: 6), rebuilding... 
2022-11-29 16:23:19,787 [   2810]   INFO - .history.utils.LocalHistoryLog - FS has been rebuild, rebuilding local history... 
2022-11-29 16:23:19,811 [   2834]   INFO - til.net.ssl.CertificateManager - Default SSL context initialized 
2022-11-29 16:23:19,822 [   2845]   INFO - verflags.ServerFlagInitializer - Enabled server flags:  
2022-11-29 16:23:19,846 [   2869]   INFO - ication.options.PathMacrosImpl - Loaded path macros: {KOTLIN_BUNDLED=/Applications/Android Studio.app/Contents/plugins/Kotlin/kotlinc} 
2022-11-29 16:23:19,899 [   2922]   INFO - pi.util.registry.RegistryValue - Registry value 'ide.text.editor.with.preview.show.floating.toolbar' has changed to 'false' 
2022-11-29 16:23:19,900 [   2923]   INFO - pi.util.registry.RegistryValue - Registry value 'external.system.auto.import.disabled' has changed to 'true' 
2022-11-29 16:23:20,043 [   3066]   INFO - penapi.application.Experiments - Experimental features enabled for user: wsl.p9.support, wsl.prefer.p9.support, wsl.p9.show.roots.in.file.chooser, wsl.execute.with.wsl.exe, linux.native.menu, recent.and.edited.files.together, show.create.new.element.in.popup, search.everywhere.mixed.results, editor.reader.mode, new.large.text.file.viewer, terminal.shell.command.handling 
2022-11-29 16:23:20,055 [   3078]   INFO - .startup.AndroidSdkInitializer - Found Studio home directory at: '/Applications/Android Studio.app/Contents' 
2022-11-29 16:23:20,055 [   3078]   INFO - .startup.AndroidSdkInitializer - Looking for Android SDK at '/Applications/Android Studio.app/Contents/sdk' 
2022-11-29 16:23:20,057 [   3080]   INFO - .startup.AndroidSdkInitializer - Looking for Android SDK at '/Applications/Android Studio.app/sdk' 
2022-11-29 16:23:20,057 [   3080]   INFO - .startup.AndroidSdkInitializer - Unable to locate SDK within the Android studio installation. 
2022-11-29 16:23:20,058 [   3081]   INFO - .startup.AndroidSdkInitializer - Examined and not found a valid Android SDK path: ANDROID_HOME environment variable 
2022-11-29 16:23:20,058 [   3081]   INFO - .startup.AndroidSdkInitializer - Examined and not found a valid Android SDK path: ANDROID_SDK_ROOT environment variable 
2022-11-29 16:23:20,059 [   3082]   INFO - .startup.AndroidSdkInitializer - Using default SDK path: /Users/piseychheang/Library/Android/sdk 
2022-11-29 16:23:20,061 [   3084]   INFO - m.intellij.ui.mac.touchbar.NST - nst library works properly, successfully created and released native touchbar object 
2022-11-29 16:23:20,066 [   3089]   INFO - i.mac.touchbar.TouchbarSupport - touchbar support is enabled 
2022-11-29 16:23:20,067 [   3090]   INFO - ings.impl.UpdateCheckerService - channel: eap 
2022-11-29 16:23:20,071 [   3094]   INFO - ings.impl.UpdateCheckerService - channel set to 'release' by com.android.tools.idea.AndroidStudioUpdateStrategyCustomization 
2022-11-29 16:23:20,170 [   3193]   INFO - pl.local.NativeFileWatcherImpl - Starting file watcher: /Applications/Android Studio.app/Contents/bin/fsnotifier 
2022-11-29 16:23:20,176 [   3199]   INFO - pl.local.NativeFileWatcherImpl - Native file watcher is operational. 
2022-11-29 16:23:20,432 [   3455]   INFO - il.indexing.FileBasedIndexImpl - Indexes are corrupted and will be rebuilt (reason = ) 
2022-11-29 16:23:20,439 [   3462]   INFO - stubs.SerializationManagerImpl - Name storage is repaired 
2022-11-29 16:23:22,180 [   5203]   INFO - il.indexing.FileBasedIndexImpl - Indexes to be rebuilt after corruption:FilenameIndex(v = 3),FrameworkDetectionIndex(v = 65536),TodoIndex(v = 4107),IdIndex(v = 4113),filetypes(v = 258),Stubs(v = 46),Trigram.Index(v = 4099),fileIncludes(v = 6),DomFileIndex(v = 0),RelaxSymbolIndex(v = 0),XmlTagNames(v = 1),XmlNamespaces(v = 8),html5.custom.attributes.index(v = 1),SchemaTypeInheritance(v = 2),json.file.root.values(v = 5),yaml.keys.name(v = 1),editorconfig.index.name(v = 5),xmlProperties(v = 2),bytecodeAnalysis(v = 4107),java.auto.module.name(v = 5),java.source.module.name(v = 3),java.null.method.argument(v = 4097),java.fun.expression(v = 4102),java.binary.plus.expression(v = 4100),org.jetbrains.kotlin.idea.versions.KotlinJvmMetadataVersionIndex(v = 5),org.jetbrains.kotlin.idea.versions.KotlinJsMetadataVersionIndex(v = 3),org.jetbrains.kotlin.idea.vfilefinder.KotlinClassFileIndex(v = 3),org.jetbrains.kotlin.idea.vfilefinder.KotlinJavaScriptMetaFileIndex(v = 4),org.jetbrains.kotlin.idea.vfilefinder.KotlinMetadataFileIndex(v = 1),org.jetbrains.kotlin.idea.vfilefinder.KotlinMetadataFilePackageIndex(v = 1),org.jetbrains.kotlin.idea.vfilefinder.KotlinModuleMappingIndex(v = 5),org.jetbrains.kotlin.idea.vfilefinder.KotlinPackageSourcesMemberNamesIndex(v = 2),org.jetbrains.kotlin.idea.vfilefinder.KotlinJvmModuleAnnotationsIndex(v = 1),org.jetbrains.kotlin.idea.vfilefinder.KotlinBuiltInsMetadataIndex(v = 1),org.jetbrains.kotlin.idea.vfilefinder.KotlinStdlibIndex(v = 1),org.jetbrains.kotlin.idea.vfilefinder.KlibMetaFileIndex(v = 4),groovy.trait.fields(v = 5),groovy.trait.methods(v = 32),FileNameWithoutExtensionIndex(v = 1),com.android.tools.idea.model.AndroidManifestIndex$Companion$NAME$1.NAME(v = 10),BindingXmlIndex(v = 10),NavXmlIndex(v = 9),android.ndk.jni.nativemethodindex(v = 3) 
2022-11-29 16:23:22,183 [   5206]   INFO - leBasedIndexDataInitialization - Index data initialization done: 2272 ms. Initialized indexes: [FilenameIndex, FrameworkDetectionIndex, TodoIndex, IdIndex, filetypes, Stubs, Trigram.Index, fileIncludes, DomFileIndex, RelaxSymbolIndex, XmlTagNames, XmlNamespaces, html5.custom.attributes.index, SchemaTypeInheritance, json.file.root.values, yaml.keys.name, editorconfig.index.name, xmlProperties, bytecodeAnalysis, java.auto.module.name, java.source.module.name, java.null.method.argument, java.fun.expression, java.binary.plus.expression, org.jetbrains.kotlin.idea.versions.KotlinJvmMetadataVersionIndex, org.jetbrains.kotlin.idea.versions.KotlinJsMetadataVersionIndex, org.jetbrains.kotlin.idea.vfilefinder.KotlinClassFileIndex, org.jetbrains.kotlin.idea.vfilefinder.KotlinJavaScriptMetaFileIndex, org.jetbrains.kotlin.idea.vfilefinder.KotlinMetadataFileIndex, org.jetbrains.kotlin.idea.vfilefinder.KotlinMetadataFilePackageIndex, org.jetbrains.kotlin.idea.vfilefinder.KotlinModuleMappingIndex, org.jetbrains.kotlin.idea.vfilefinder.KotlinPackageSourcesMemberNamesIndex, org.jetbrains.kotlin.idea.vfilefinder.KotlinJvmModuleAnnotationsIndex, org.jetbrains.kotlin.idea.vfilefinder.KotlinBuiltInsMetadataIndex, org.jetbrains.kotlin.idea.vfilefinder.KotlinStdlibIndex, org.jetbrains.kotlin.idea.vfilefinder.KlibMetaFileIndex, groovy.trait.fields, groovy.trait.methods, FileNameWithoutExtensionIndex, com.android.tools.idea.model.AndroidManifestIndex$Companion$NAME$1.NAME, BindingXmlIndex, NavXmlIndex, android.ndk.jni.nativemethodindex]. 
2022-11-29 16:23:22,526 [   5549]   INFO - tellij.psi.stubs.StubIndexImpl - Following stub indices will be built:dom.namespaceKey(v = 1),dom.elementClass(v = 0),properties.index(v = 2),org.jetbrains.kotlin.idea.stubindex.KotlinExactPackagesIndex(v = 2),org.jetbrains.kotlin.idea.stubindex.KotlinTopLevelClassByPackageIndex(v = 2),org.jetbrains.kotlin.idea.stubindex.KotlinTopLevelFunctionByPackageIndex(v = 2),org.jetbrains.kotlin.idea.stubindex.KotlinTopLevelPropertyByPackageIndex(v = 2),org.jetbrains.kotlin.idea.stubindex.KotlinTopLevelTypeAliasByPackageIndex(v = 2),kotlin.primeIndexKey(v = 2),org.jetbrains.kotlin.idea.stubindex.KotlinClassShortNameIndex(v = 2),org.jetbrains.kotlin.idea.stubindex.KotlinFullClassNameIndex(v = 2),org.jetbrains.kotlin.idea.stubindex.KotlinPropertyShortNameIndex(v = 2),org.jetbrains.kotlin.idea.stubindex.KotlinFunctionShortNameIndex(v = 2),org.jetbrains.kotlin.idea.stubindex.KotlinTypeAliasShortNameIndex(v = 2),org.jetbrains.kotlin.idea.stubindex.KotlinSuperClassIndex(v = 2),org.jetbrains.kotlin.idea.stubindex.KotlinTopLevelFunctionFqnNameIndex(v = 2),org.jetbrains.kotlin.idea.stubindex.KotlinTopLevelPropertyFqnNameIndex(v = 2),org.jetbrains.kotlin.idea.stubindex.KotlinTopLevelTypeAliasFqNameIndex(v = 2),org.jetbrains.kotlin.idea.stubindex.KotlinInnerTypeAliasClassIdIndex(v = 2),org.jetbrains.kotlin.idea.stubindex.KotlinTopLevelExtensionsByReceiverTypeIndex(v = 3),org.jetbrains.kotlin.idea.stubindex.KotlinExtensionsInObjectsByReceiverTypeIndex(v = 2),org.jetbrains.kotlin.idea.stubindex.KotlinAnnotationsIndex(v = 3),org.jetbrains.kotlin.idea.stubindex.KotlinJvmNameAnnotationIndex(v = 2),org.jetbrains.kotlin.idea.stubindex.KotlinProbablyNothingFunctionShortNameIndex(v = 2),org.jetbrains.kotlin.idea.stubindex.KotlinProbablyNothingPropertyShortNameIndex(v = 2),org.jetbrains.kotlin.idea.stubindex.KotlinProbablyContractedFunctionShortNameIndex(v = 2),org.jetbrains.kotlin.idea.stubindex.KotlinFileFacadeFqNameIndex(v = 2),org.jetbrains.kotlin.idea.stubindex.KotlinFilePartClassIndex(v = 2),org.jetbrains.kotlin.idea.stubindex.KotlinFileFacadeClassByPackageIndex(v = 2),org.jetbrains.kotlin.idea.stubindex.KotlinFileFacadeShortNameIndex(v = 2),org.jetbrains.kotlin.idea.stubindex.KotlinMultifileClassPartIndex(v = 2),org.jetbrains.kotlin.idea.stubindex.KotlinScriptFqnIndex(v = 2),org.jetbrains.kotlin.idea.stubindex.KotlinTypeAliasByExpansionShortNameIndex(v = 2),org.jetbrains.kotlin.idea.stubindex.KotlinOverridableInternalMembersShortNameIndex(v = 2),org.jetbrains.kotlin.idea.stubindex.KotlinSubclassObjectNameIndex(v = 2),markdown.header(v = 2),gr.class.fqn(v = 4),gr.script.fqn(v = 5),gr.field.name(v = 5),gr.method.name(v = 5),gr.annot.method.name(v = 5),gr.annot.members(v = 5),gr.script.class(v = 5),gr.class.super(v = 5),gr.anonymous.class(v = 6),java.annotations(v = 2),java.class.extlist(v = 3),java.field.name(v = 2),java.method.name(v = 2),jvm.static.member.name(v = 2),jvm.static.member.type(v = 2),java.anonymous.baseref(v = 2),java.method.parameter.types(v = 3),java.class.shortname(v = 4),java.class.fqn(v = 1),java.module.name(v = 4) 
2022-11-29 16:23:22,527 [   5550]   INFO - exImpl$StubIndexInitialization - Index data initialization done: 343 ms. Initialized stub indexes: {java.module.name, java.field.name, org.jetbrains.kotlin.idea.stubindex.KotlinSuperClassIndex, org.jetbrains.kotlin.idea.stubindex.KotlinTopLevelPropertyByPackageIndex, org.jetbrains.kotlin.idea.stubindex.KotlinTopLevelFunctionByPackageIndex, org.jetbrains.kotlin.idea.stubindex.KotlinMultifileClassPartIndex, org.jetbrains.kotlin.idea.stubindex.KotlinScriptFqnIndex, org.jetbrains.kotlin.idea.stubindex.KotlinProbablyNothingFunctionShortNameIndex, java.class.fqn, org.jetbrains.kotlin.idea.stubindex.KotlinAnnotationsIndex, org.jetbrains.kotlin.idea.stubindex.KotlinTypeAliasShortNameIndex, org.jetbrains.kotlin.idea.stubindex.KotlinTopLevelFunctionFqnNameIndex, org.jetbrains.kotlin.idea.stubindex.KotlinTopLevelPropertyFqnNameIndex, org.jetbrains.kotlin.idea.stubindex.KotlinFunctionShortNameIndex, org.jetbrains.kotlin.idea.stubindex.KotlinExactPackagesIndex, org.jetbrains.kotlin.idea.stubindex.KotlinTopLevelTypeAliasByPackageIndex, org.jetbrains.kotlin.idea.stubindex.KotlinTopLevelClassByPackageIndex, org.jetbrains.kotlin.idea.stubindex.KotlinPropertyShortNameIndex, kotlin.primeIndexKey, properties.index, dom.elementClass, dom.namespaceKey, org.jetbrains.kotlin.idea.stubindex.KotlinFileFacadeFqNameIndex, org.jetbrains.kotlin.idea.stubindex.KotlinSubclassObjectNameIndex, org.jetbrains.kotlin.idea.stubindex.KotlinFullClassNameIndex, java.method.parameter.types, org.jetbrains.kotlin.idea.stubindex.KotlinClassShortNameIndex, java.anonymous.baseref, jvm.static.member.type, org.jetbrains.kotlin.idea.stubindex.KotlinTopLevelTypeAliasFqNameIndex, org.jetbrains.kotlin.idea.stubindex.KotlinProbablyContractedFunctionShortNameIndex, org.jetbrains.kotlin.idea.stubindex.KotlinFilePartClassIndex, org.jetbrains.kotlin.idea.stubindex.KotlinInnerTypeAliasClassIdIndex, org.jetbrains.kotlin.idea.stubindex.KotlinTopLevelExtensionsByReceiverTypeIndex, org.jetbrains.kotlin.idea.stubindex.KotlinExtensionsInObjectsByReceiverTypeIndex, java.class.shortname, java.annotations, org.jetbrains.kotlin.idea.stubindex.KotlinProbablyNothingPropertyShortNameIndex, jvm.static.member.name, org.jetbrains.kotlin.idea.stubindex.KotlinTypeAliasByExpansionShortNameIndex, java.method.name, org.jetbrains.kotlin.idea.stubindex.KotlinFileFacadeClassByPackageIndex, org.jetbrains.kotlin.idea.stubindex.KotlinFileFacadeShortNameIndex, gr.anonymous.class, gr.class.super, gr.annot.members, gr.annot.method.name, java.class.extlist, org.jetbrains.kotlin.idea.stubindex.KotlinOverridableInternalMembersShortNameIndex, markdown.header, gr.method.name, gr.field.name, gr.class.fqn, gr.script.class, gr.script.fqn, org.jetbrains.kotlin.idea.stubindex.KotlinJvmNameAnnotationIndex}. 
2022-11-29 16:23:22,977 [   6000]   WARN - nSystem.impl.ActionManagerImpl - keymap "Xcode" not found PluginDescriptor(name=CIDR Base, id=com.intellij.cidr.base, descriptorPath=plugin.xml, path=/Applications/Android Studio.app/Contents/plugins/cidr-base-plugin, version=213.7172.25.2113.9014738, package=null, isBundled=true) 
2022-11-29 16:23:23,474 [   6497]   INFO - .imports.GMavenIndexRepository - Refreshed disk cache successfully with a new ETag header: "10605ca". 
2022-11-29 16:23:24,335 [   7358]   INFO - dea.updater.SdkComponentSource - Downloading https://dl.google.com/android/repository/addons_list-5.xml 
2022-11-29 16:23:24,609 [   7632]   INFO - dea.updater.SdkComponentSource - Downloading https://dl.google.com/android/repository/repository2-3.xml 
2022-11-29 16:23:24,611 [   7634]   INFO - dea.updater.SdkComponentSource - Downloading https://dl.google.com/android/repository/sys-img/android/sys-img2-3.xml 
2022-11-29 16:23:24,612 [   7635]   INFO - dea.updater.SdkComponentSource - Downloading https://dl.google.com/android/repository/sys-img/android-wear/sys-img2-3.xml 
2022-11-29 16:23:24,610 [   7633]   INFO - dea.updater.SdkComponentSource - Downloading https://dl.google.com/android/repository/repository2-2.xml 
2022-11-29 16:23:24,612 [   7635]   INFO - dea.updater.SdkComponentSource - Downloading https://dl.google.com/android/repository/sys-img/android-automotive/sys-img2-3.xml 
2022-11-29 16:23:24,614 [   7637]   INFO - dea.updater.SdkComponentSource - Downloading https://dl.google.com/android/repository/sys-img/android-tv/sys-img2-3.xml 
2022-11-29 16:23:24,615 [   7638]   INFO - dea.updater.SdkComponentSource - Downloading https://dl.google.com/android/repository/sys-img/android-wear-cn/sys-img2-3.xml 
2022-11-29 16:23:24,615 [   7638]   INFO - dea.updater.SdkComponentSource - Downloading https://dl.google.com/android/repository/sys-img/android-desktop/sys-img2-3.xml 
2022-11-29 16:23:24,617 [   7640]   INFO - dea.updater.SdkComponentSource - Downloading https://dl.google.com/android/repository/sys-img/aosp_atd/sys-img2-3.xml 
2022-11-29 16:23:24,617 [   7640]   INFO - dea.updater.SdkComponentSource - Downloading https://dl.google.com/android/repository/sys-img/google-tv/sys-img2-3.xml 
2022-11-29 16:23:24,617 [   7640]   INFO - dea.updater.SdkComponentSource - Downloading https://dl.google.com/android/repository/sys-img/google_apis/sys-img2-3.xml 
2022-11-29 16:23:24,617 [   7640]   INFO - dea.updater.SdkComponentSource - Downloading https://dl.google.com/android/repository/sys-img/google_atd/sys-img2-3.xml 
2022-11-29 16:23:24,618 [   7641]   INFO - dea.updater.SdkComponentSource - Downloading https://dl.google.com/android/repository/sys-img/google_apis_playstore/sys-img2-3.xml 
2022-11-29 16:23:24,618 [   7641]   INFO - dea.updater.SdkComponentSource - Downloading https://dl.google.com/android/repository/addon2-3.xml 
2022-11-29 16:23:24,619 [   7642]   INFO - dea.updater.SdkComponentSource - Downloading https://dl.google.com/android/repository/glass/addon2-3.xml 
2022-11-29 16:23:24,620 [   7643]   INFO - dea.updater.SdkComponentSource - Downloading https://dl.google.com/android/repository/extras/intel/addon2-3.xml 
2022-11-29 16:23:37,849 [  20872]   INFO - rationStore.ComponentStoreImpl - Saving appDaemonCodeAnalyzerSettings took 25 ms, FileTypeManager took 65 ms, HttpConfigurable took 53 ms, JavaCodeFoldingSettings took 18 ms, ProjectJdkTable took 17 ms 
2022-11-29 16:23:39,330 [  22353]   INFO - il.indexing.FileBasedIndexImpl - START INDEX SHUTDOWN 
2022-11-29 16:23:39,565 [  22588]   INFO - tellij.psi.stubs.StubIndexImpl - StubIndexExtension-s were unloaded 
2022-11-29 16:23:39,813 [  22836]   INFO - il.indexing.FileBasedIndexImpl - END INDEX SHUTDOWN 
2022-11-29 16:23:39,820 [  22843]   INFO - fs.persistent.PersistentFSImpl - VFS dispose started 
2022-11-29 16:23:39,824 [  22847]   INFO - fs.persistent.PersistentFSImpl - VFS dispose completed 
2022-11-29 16:23:39,825 [  22848]   INFO - stubs.SerializationManagerImpl - Start shutting down /Users/piseychheang/Documents/Projects/Samples/plugin_generate_screen/build/idea-sandbox/system/index/rep.names 
2022-11-29 16:23:39,827 [  22850]   INFO - stubs.SerializationManagerImpl - Finished shutting down /Users/piseychheang/Documents/Projects/Samples/plugin_generate_screen/build/idea-sandbox/system/index/rep.names 
2022-11-29 16:23:39,827 [  22850]   INFO -        #com.intellij.idea.Main - ------------------------------------------------------ IDE SHUTDOWN ------------------------------------------------------ 
2022-11-29 16:23:39,910 [  22933]   INFO - org.jetbrains.io.BuiltInServer - web server stopped 
2023-01-05 10:42:36,517 [      0]   INFO -        #com.intellij.idea.Main - ------------------------------------------------------ IDE STARTED ------------------------------------------------------ 
2023-01-05 10:42:36,602 [     85]   INFO -        #com.intellij.idea.Main - IDE: Android Studio (build #AI-213.7172.25.2113.9014738, 01 Sep 2022 03:42) 
2023-01-05 10:42:36,602 [     85]   INFO -        #com.intellij.idea.Main - OS: Mac OS X (13.0, x86_64) 
2023-01-05 10:42:36,638 [    121]   INFO -        #com.intellij.idea.Main - JRE: 11.0.16+11-LTS-199 (Oracle Corporation) 
2023-01-05 10:42:36,639 [    122]   INFO -        #com.intellij.idea.Main - JVM: 11.0.16+11-LTS-199 (Java HotSpot(TM) 64-Bit Server VM) 
2023-01-05 10:42:36,649 [    132]   INFO -        #com.intellij.idea.Main - JVM options: [-Dapple.awt.fileDialogForDirectories=true, -Dapple.laf.useScreenMenuBar=true, -Didea.auto.reload.plugins=true, -Didea.classpath.index.enabled=false, -Didea.config.path=/Users/piseychheang/Documents/Projects/Samples/plugin_generate_screen/build/idea-sandbox/config, -Didea.is.internal=true, -Didea.platform.prefix=AndroidStudio, -Didea.plugins.path=/Users/piseychheang/Documents/Projects/Samples/plugin_generate_screen/build/idea-sandbox/plugins, -Didea.required.plugins.id=com.cps.plugingenerate, -Didea.smooth.progress=false, -Didea.system.path=/Users/piseychheang/Documents/Projects/Samples/plugin_generate_screen/build/idea-sandbox/system, -Xms256m, -Xmx512m, -Dfile.encoding=UTF-8, -Duser.country=US, -Duser.language=en, -Duser.variant, -ea] 
2023-01-05 10:42:36,649 [    132]   INFO -        #com.intellij.idea.Main - args: [] 
2023-01-05 10:42:36,650 [    133]   INFO -        #com.intellij.idea.Main - library path: /Users/piseychheang/Library/Java/Extensions:/Library/Java/Extensions:/Network/Library/Java/Extensions:/System/Library/Java/Extensions:/usr/lib/java:. 
2023-01-05 10:42:36,650 [    133]   INFO -        #com.intellij.idea.Main - boot library path: /Library/Java/JavaVirtualMachines/jdk-11.0.16.jdk/Contents/Home/lib 
2023-01-05 10:42:36,689 [    172]   INFO -        #com.intellij.idea.Main - locale=en_US JNU=UTF-8 file.encoding=UTF-8
  idea.config.path=/Users/piseychheang/Documents/Projects/Samples/plugin_generate_screen/build/idea-sandbox/config
  idea.system.path=/Users/piseychheang/Documents/Projects/Samples/plugin_generate_screen/build/idea-sandbox/system
  idea.plugins.path=/Users/piseychheang/Documents/Projects/Samples/plugin_generate_screen/build/idea-sandbox/plugins
  idea.log.path=/Users/piseychheang/Documents/Projects/Samples/plugin_generate_screen/build/idea-sandbox/system/log 
2023-01-05 10:42:36,717 [    200]   INFO -        #com.intellij.idea.Main - CPU cores: 4; ForkJoinPool.commonPool: java.util.concurrent.ForkJoinPool@105fece7[Running, parallelism = 3, size = 3, active = 3, running = 2, steals = 2, tasks = 0, submissions = 1]; factory: com.intellij.concurrency.IdeaForkJoinWorkerThreadFactory@3ec300f1 
2023-01-05 10:42:37,068 [    551]   INFO - llij.ide.plugins.PluginManager - Plugin PluginDescriptor(name=Groovy, id=org.intellij.groovy, descriptorPath=plugin.xml, path=/Applications/Android Studio.app/Contents/plugins/Groovy, version=213.7172.25.2113.9014738, package=org.jetbrains.plugins.groovy, isBundled=true) misses optional descriptor duplicates-groovy.xml 
2023-01-05 10:42:37,070 [    553]   INFO - llij.ide.plugins.PluginManager - Plugin PluginDescriptor(name=Groovy, id=org.intellij.groovy, descriptorPath=plugin.xml, path=/Applications/Android Studio.app/Contents/plugins/Groovy, version=213.7172.25.2113.9014738, package=org.jetbrains.plugins.groovy, isBundled=true) misses optional descriptor duplicates-detection-groovy.xml 
2023-01-05 10:42:37,106 [    589]   INFO - llij.ide.plugins.PluginManager - Module kotlin.grazie is not enabled because dependency tanvd.grazi is not available
Module kotlin.project-wizard.maven is not enabled because dependency org.jetbrains.idea.maven is not available
Module kotlin.maven is not enabled because dependency org.jetbrains.idea.maven is not available
Module kotlin.compiler-plugins.compiler-plugin-support.maven is not enabled because dependency kotlin.maven is not available
Module kotlin.compiler-plugins.lombok.maven is not enabled because dependency kotlin.maven is not available
Module kotlin.compiler-plugins.kotlinx-serialization.maven is not enabled because dependency kotlin.maven is not available
Module kotlin.compiler-plugins.sam-with-receiver.maven is not enabled because dependency kotlin.maven is not available
Module kotlin.compiler-plugins.noarg.maven is not enabled because dependency kotlin.maven is not available
Module kotlin.compiler-plugins.allopen.maven is not enabled because dependency kotlin.maven is not available
Module intellij.groovy/byte-code-viewer is not enabled because dependency ByteCodeViewer is not available
Module intellij.groovy/ant is not enabled because dependency AntSupport is not available 
2023-01-05 10:42:37,124 [    607]   INFO - llij.ide.plugins.PluginManager - Loaded bundled plugins: IDEA CORE (213.7172.25), Toml (213.7172.25.2113.9014738), Settings Repository (213.7172.25.2113.9014738), YAML (213.7172.25.2113.9014738), TextMate Bundles (213.7172.25.2113.9014738), Terminal (213.7172.25.2113.9014738), JetBrains maven model api classes (213.7172.25.2113.9014738), JetBrains Repository Search (213.7172.25.2113.9014738), EditorConfig (213.7172.25.2113.9014738), WebP Support (213.7172.25.2113.9014738), Mercurial (213.7172.25.2113.9014738), Shell Script (213.7172.25.2113.9014738), Copyright (213.7172.25.2113.9014738), Properties (213.7172.25.2113.9014738), Gradle (213.7172.25.2113.9014738), Images (213.7172.25.2113.9014738), Java (213.7172.25.2113.9014738), Kotlin (213-1.7.10-release-for-android-studio-AS6777.52), Java Bytecode Decompiler (213.7172.25.2113.9014738), Java Stream Debugger (213.7172.25.2113.9014738), IntelliLang (213.7172.25.2113.9014738), Markdown (213.7172.25.2113.9014738), Groovy (213.7172.25.2113.9014738), Task Management (213.7172.25.2113.9014738), Java IDE Customization (213.7172.25.2113.9014738), Java Internationalization (213.7172.25.2113.9014738), Configuration Script (213.7172.25.2113.9014738), Machine Learning Code Completion (213.7172.25.2113.9014738), CIDR Debugger (213.7172.25.2113.9014738), CIDR Base (213.7172.25.2113.9014738), Clangd Support (213.7172.25.2113.9014738), C/C++ Language Support (213.7172.25.2113.9014738), Clangd-CLion Bridge (213.7172.25.2113.9014738), Google Login (213.7172.25.2113.9014738), Smali Support (213.7172.25.2113.9014738), TestNG (213.7172.25.2113.9014738), Subversion (213.7172.25.2113.9014738), JUnit (213.7172.25.2113.9014738), GitHub (213.7172.25.2113.9014738), Git (213.7172.25.2113.9014738), ChangeReminder (213.7172.25.2113.9014738), Code Coverage for Java (213.7172.25.2113.9014738), Gradle-Java (213.7172.25.2113.9014738), Google Cloud Tools Core (213.7172.25.2113.9014738), Android (2021.3.1 Final), App Links Assistant (213.7172.25.2113.9014738), Firebase Testing (213.7172.25.2113.9014738), Test Recorder (213.7172.25.2113.9014738), Google Developers Samples (213.7172.25.2113.9014738), Firebase App Indexing (213.7172.25.2113.9014738), Firebase Services (213.7172.25.2113.9014738), Google Cloud Tools For Android Studio (213.7172.25.2113.9014738), Android NDK Support (213.7172.25.2113.9014738), Android APK Support (213.7172.25.2113.9014738), Design Tools (213.7172.25.2113.9014738), Jetpack Compose (213.7172.25.2113.9014738) 
2023-01-05 10:42:37,124 [    607]   INFO - llij.ide.plugins.PluginManager - Loaded custom plugins: CPS-Screen-Generate (1.0.0) 
2023-01-05 10:42:37,127 [    610]   INFO - .intellij.util.EnvironmentUtil - loading shell env: /bin/zsh -l -i -c '/Applications/Android Studio.app/Contents/bin/printenv' '/var/folders/xd/805fcnqs3nj56dqdk6vzk5h80000gp/T/intellij-shell-env.3339301876710274210.tmp' 
2023-01-05 10:42:37,218 [    701]   INFO - .intellij.util.EnvironmentUtil - shell environment loaded (15 vars) 
2023-01-05 10:42:37,240 [    723]   INFO -        #com.intellij.idea.Main - JNA library (64-bit) loaded in 522 ms 
2023-01-05 10:42:37,341 [    824]   INFO - .intellij.util.EnvironmentUtil - LC_CTYPE=en_US.UTF-8 
2023-01-05 10:42:37,728 [   1211]   INFO -        #com.intellij.idea.Main - notify that start-up thread is free 
2023-01-05 10:42:38,863 [   2346]   WARN - i.mac.MacOSApplicationProvider - No URL bundle (CFBundleURLTypes) is defined in the main bundle.
To be able to open external links, specify protocols in the app layout section of the build file.
Example: args.urlSchemes = ["your-protocol"] will handle following links: your-protocol://open?file=file&line=line 
2023-01-05 10:42:39,414 [   2897]   INFO - ication.options.PathMacrosImpl - Loaded path macros: {KOTLIN_BUNDLED=/Applications/Android Studio.app/Contents/plugins/Kotlin/kotlinc} 
2023-01-05 10:42:39,697 [   3180]   INFO - cation.options.RegistryManager - Registry values changed by user: external.system.auto.import.disabled = true, ide.text.editor.with.preview.show.floating.toolbar = false 
2023-01-05 10:42:39,852 [   3335]   INFO - intellij.util.io.FilePageCache - lower=100; upper=492; buffer=10; max=492 
2023-01-05 10:42:40,132 [   3615]   INFO - til.net.ssl.CertificateManager - Default SSL context initialized 
2023-01-05 10:42:40,341 [   3824]   INFO - verflags.ServerFlagInitializer - Enabled server flags: analytics/surveys/followup, exceptions/ClassCastException, studio_flags/compose.preview.element.picker.enable 
2023-01-05 10:42:40,346 [   3829]   WARN - tor.impl.FontFamilyServiceImpl - Couldn't access required runtime API, will fall back to basic logic of font selection 
2023-01-05 10:42:40,347 [   3830]   WARN - j.internal.DebugAttachDetector - Unable to start DebugAttachDetector, please add `--add-exports java.base/jdk.internal.vm=ALL-UNNAMED` to VM options 
2023-01-05 10:42:40,662 [   4145]   INFO - rains.ide.BuiltInServerManager - built-in server started, port 63344 
2023-01-05 10:42:40,830 [   4313]   INFO - pl.local.NativeFileWatcherImpl - Starting file watcher: /Applications/Android Studio.app/Contents/bin/fsnotifier 
2023-01-05 10:42:40,849 [   4332]   INFO - pl.local.NativeFileWatcherImpl - Native file watcher is operational. 
2023-01-05 10:42:42,511 [   5994]   INFO - pi.util.registry.RegistryValue - Registry value 'ide.text.editor.with.preview.show.floating.toolbar' has changed to 'false' 
2023-01-05 10:42:42,511 [   5994]   INFO - pi.util.registry.RegistryValue - Registry value 'external.system.auto.import.disabled' has changed to 'true' 
2023-01-05 10:42:42,582 [   6065]   INFO - ings.impl.UpdateCheckerService - channel: eap 
2023-01-05 10:42:42,586 [   6069]   INFO - ings.impl.UpdateCheckerService - channel set to 'release' by com.android.tools.idea.AndroidStudioUpdateStrategyCustomization 
2023-01-05 10:42:42,646 [   6129]   INFO - m.intellij.ui.mac.touchbar.NST - nst library works properly, successfully created and released native touchbar object 
2023-01-05 10:42:42,647 [   6130]   INFO - penapi.application.Experiments - Experimental features enabled for user: wsl.p9.support, wsl.prefer.p9.support, wsl.p9.show.roots.in.file.chooser, wsl.execute.with.wsl.exe, linux.native.menu, recent.and.edited.files.together, show.create.new.element.in.popup, search.everywhere.mixed.results, editor.reader.mode, new.large.text.file.viewer, terminal.shell.command.handling 
2023-01-05 10:42:42,652 [   6135]   INFO - i.mac.touchbar.TouchbarSupport - touchbar support is enabled 
2023-01-05 10:42:43,277 [   6760]   WARN - nSystem.impl.ActionManagerImpl - keymap "Xcode" not found PluginDescriptor(name=CIDR Base, id=com.intellij.cidr.base, descriptorPath=plugin.xml, path=/Applications/Android Studio.app/Contents/plugins/cidr-base-plugin, version=213.7172.25.2113.9014738, package=null, isBundled=true) 
2023-01-05 10:42:43,892 [   7375]   INFO - leBasedIndexDataInitialization - Index data initialization done: 1374 ms. Initialized indexes: [FilenameIndex, FrameworkDetectionIndex, TodoIndex, IdIndex, filetypes, Stubs, Trigram.Index, fileIncludes, DomFileIndex, RelaxSymbolIndex, XmlTagNames, XmlNamespaces, html5.custom.attributes.index, SchemaTypeInheritance, json.file.root.values, yaml.keys.name, editorconfig.index.name, xmlProperties, bytecodeAnalysis, java.auto.module.name, java.source.module.name, java.null.method.argument, java.fun.expression, java.binary.plus.expression, org.jetbrains.kotlin.idea.versions.KotlinJvmMetadataVersionIndex, org.jetbrains.kotlin.idea.versions.KotlinJsMetadataVersionIndex, org.jetbrains.kotlin.idea.vfilefinder.KotlinClassFileIndex, org.jetbrains.kotlin.idea.vfilefinder.KotlinJavaScriptMetaFileIndex, org.jetbrains.kotlin.idea.vfilefinder.KotlinMetadataFileIndex, org.jetbrains.kotlin.idea.vfilefinder.KotlinMetadataFilePackageIndex, org.jetbrains.kotlin.idea.vfilefinder.KotlinModuleMappingIndex, org.jetbrains.kotlin.idea.vfilefinder.KotlinPackageSourcesMemberNamesIndex, org.jetbrains.kotlin.idea.vfilefinder.KotlinJvmModuleAnnotationsIndex, org.jetbrains.kotlin.idea.vfilefinder.KotlinBuiltInsMetadataIndex, org.jetbrains.kotlin.idea.vfilefinder.KotlinStdlibIndex, org.jetbrains.kotlin.idea.vfilefinder.KlibMetaFileIndex, groovy.trait.fields, groovy.trait.methods, FileNameWithoutExtensionIndex, com.android.tools.idea.model.AndroidManifestIndex$Companion$NAME$1.NAME, BindingXmlIndex, NavXmlIndex, android.ndk.jni.nativemethodindex]. 
2023-01-05 10:42:44,166 [   7649]   INFO - exImpl$StubIndexInitialization - Index data initialization done: 273 ms. Initialized stub indexes: {java.module.name, java.field.name, org.jetbrains.kotlin.idea.stubindex.KotlinSuperClassIndex, org.jetbrains.kotlin.idea.stubindex.KotlinTopLevelPropertyByPackageIndex, org.jetbrains.kotlin.idea.stubindex.KotlinTopLevelFunctionByPackageIndex, org.jetbrains.kotlin.idea.stubindex.KotlinMultifileClassPartIndex, org.jetbrains.kotlin.idea.stubindex.KotlinScriptFqnIndex, org.jetbrains.kotlin.idea.stubindex.KotlinProbablyNothingFunctionShortNameIndex, java.class.fqn, org.jetbrains.kotlin.idea.stubindex.KotlinAnnotationsIndex, org.jetbrains.kotlin.idea.stubindex.KotlinTypeAliasShortNameIndex, org.jetbrains.kotlin.idea.stubindex.KotlinTopLevelFunctionFqnNameIndex, org.jetbrains.kotlin.idea.stubindex.KotlinTopLevelPropertyFqnNameIndex, org.jetbrains.kotlin.idea.stubindex.KotlinFunctionShortNameIndex, org.jetbrains.kotlin.idea.stubindex.KotlinExactPackagesIndex, org.jetbrains.kotlin.idea.stubindex.KotlinTopLevelTypeAliasByPackageIndex, org.jetbrains.kotlin.idea.stubindex.KotlinTopLevelClassByPackageIndex, org.jetbrains.kotlin.idea.stubindex.KotlinPropertyShortNameIndex, kotlin.primeIndexKey, properties.index, dom.elementClass, dom.namespaceKey, org.jetbrains.kotlin.idea.stubindex.KotlinFileFacadeFqNameIndex, org.jetbrains.kotlin.idea.stubindex.KotlinSubclassObjectNameIndex, org.jetbrains.kotlin.idea.stubindex.KotlinFullClassNameIndex, java.method.parameter.types, org.jetbrains.kotlin.idea.stubindex.KotlinClassShortNameIndex, java.anonymous.baseref, jvm.static.member.type, org.jetbrains.kotlin.idea.stubindex.KotlinTopLevelTypeAliasFqNameIndex, org.jetbrains.kotlin.idea.stubindex.KotlinProbablyContractedFunctionShortNameIndex, org.jetbrains.kotlin.idea.stubindex.KotlinFilePartClassIndex, org.jetbrains.kotlin.idea.stubindex.KotlinInnerTypeAliasClassIdIndex, org.jetbrains.kotlin.idea.stubindex.KotlinTopLevelExtensionsByReceiverTypeIndex, org.jetbrains.kotlin.idea.stubindex.KotlinExtensionsInObjectsByReceiverTypeIndex, java.class.shortname, java.annotations, org.jetbrains.kotlin.idea.stubindex.KotlinProbablyNothingPropertyShortNameIndex, jvm.static.member.name, org.jetbrains.kotlin.idea.stubindex.KotlinTypeAliasByExpansionShortNameIndex, java.method.name, org.jetbrains.kotlin.idea.stubindex.KotlinFileFacadeClassByPackageIndex, org.jetbrains.kotlin.idea.stubindex.KotlinFileFacadeShortNameIndex, gr.anonymous.class, gr.class.super, gr.annot.members, gr.annot.method.name, java.class.extlist, org.jetbrains.kotlin.idea.stubindex.KotlinOverridableInternalMembersShortNameIndex, markdown.header, gr.method.name, gr.field.name, gr.class.fqn, gr.script.class, gr.script.fqn, org.jetbrains.kotlin.idea.stubindex.KotlinJvmNameAnnotationIndex}. 
2023-01-05 10:42:45,098 [   8581]   INFO - .imports.GMavenIndexRepository - Refreshed disk cache successfully with a new ETag header: "1140690". 
2023-01-05 10:42:45,170 [   8653]   INFO - s.RepoProgressIndicatorAdapter - Downloading https://dl.google.com/android/repository/addons_list-5.xml 
2023-01-05 10:42:45,692 [   9175]   INFO - s.RepoProgressIndicatorAdapter - Downloading https://dl.google.com/android/repository/repository2-2.xml 
2023-01-05 10:42:45,692 [   9175]   INFO - s.RepoProgressIndicatorAdapter - Downloading https://dl.google.com/android/repository/repository2-3.xml 
2023-01-05 10:42:45,696 [   9179]   INFO - s.RepoProgressIndicatorAdapter - Downloading https://dl.google.com/android/repository/sys-img/android-tv/sys-img2-3.xml 
2023-01-05 10:42:45,699 [   9182]   INFO - s.RepoProgressIndicatorAdapter - Downloading https://dl.google.com/android/repository/sys-img/android-wear/sys-img2-3.xml 
2023-01-05 10:42:45,699 [   9182]   INFO - s.RepoProgressIndicatorAdapter - Downloading https://dl.google.com/android/repository/sys-img/google_atd/sys-img2-3.xml 
2023-01-05 10:42:45,699 [   9182]   INFO - s.RepoProgressIndicatorAdapter - Downloading https://dl.google.com/android/repository/sys-img/aosp_atd/sys-img2-3.xml 
2023-01-05 10:42:45,697 [   9180]   INFO - s.RepoProgressIndicatorAdapter - Downloading https://dl.google.com/android/repository/sys-img/android/sys-img2-3.xml 
2023-01-05 10:42:45,696 [   9179]   INFO - s.RepoProgressIndicatorAdapter - Downloading https://dl.google.com/android/repository/sys-img/android-automotive/sys-img2-3.xml 
2023-01-05 10:42:45,696 [   9179]   INFO - s.RepoProgressIndicatorAdapter - Downloading https://dl.google.com/android/repository/sys-img/android-wear-cn/sys-img2-3.xml 
2023-01-05 10:42:45,696 [   9179]   INFO - s.RepoProgressIndicatorAdapter - Downloading https://dl.google.com/android/repository/sys-img/android-desktop/sys-img2-3.xml 
2023-01-05 10:42:45,699 [   9182]   INFO - s.RepoProgressIndicatorAdapter - Downloading https://dl.google.com/android/repository/sys-img/google-tv/sys-img2-3.xml 
2023-01-05 10:42:45,699 [   9182]   INFO - s.RepoProgressIndicatorAdapter - Downloading https://dl.google.com/android/repository/sys-img/google_apis_playstore/sys-img2-3.xml 
2023-01-05 10:42:45,700 [   9183]   INFO - s.RepoProgressIndicatorAdapter - Downloading https://dl.google.com/android/repository/sys-img/google_apis/sys-img2-3.xml 
2023-01-05 10:42:45,700 [   9183]   INFO - s.RepoProgressIndicatorAdapter - Downloading https://dl.google.com/android/repository/addon2-3.xml 
2023-01-05 10:42:45,700 [   9183]   INFO - s.RepoProgressIndicatorAdapter - Downloading https://dl.google.com/android/repository/glass/addon2-3.xml 
2023-01-05 10:42:45,700 [   9183]   INFO - s.RepoProgressIndicatorAdapter - Downloading https://dl.google.com/android/repository/extras/intel/addon2-3.xml 
2023-01-05 10:42:48,550 [  12033]   INFO - plication.impl.ApplicationImpl - LONG VFS PROCESSING. Topic=BulkFileListener, offender=class com.intellij.history.integration.LocalHistoryEventDispatcher$LocalHistoryBulkFileListener, message=before, time=53ms 
2023-01-05 10:42:52,008 [  15491]   INFO - il.indexing.FileBasedIndexImpl - START INDEX SHUTDOWN 
2023-01-05 10:42:52,206 [  15689]   INFO - tellij.psi.stubs.StubIndexImpl - StubIndexExtension-s were unloaded 
2023-01-05 10:42:52,355 [  15838]   INFO - il.indexing.FileBasedIndexImpl - END INDEX SHUTDOWN 
2023-01-05 10:42:52,358 [  15841]   INFO - stubs.SerializationManagerImpl - Start shutting down /Users/piseychheang/Documents/Projects/Samples/plugin_generate_screen/build/idea-sandbox/system/index/rep.names 
2023-01-05 10:42:52,362 [  15845]   INFO - stubs.SerializationManagerImpl - Finished shutting down /Users/piseychheang/Documents/Projects/Samples/plugin_generate_screen/build/idea-sandbox/system/index/rep.names 
2023-01-05 10:42:52,362 [  15845]   INFO - fs.persistent.PersistentFSImpl - VFS dispose started 
2023-01-05 10:42:52,377 [  15860]   INFO - fs.persistent.PersistentFSImpl - VFS dispose completed 
2023-01-05 10:42:52,377 [  15860]   INFO -        #com.intellij.idea.Main - ------------------------------------------------------ IDE SHUTDOWN ------------------------------------------------------ 
2023-01-05 10:42:52,382 [  15865]   INFO - org.jetbrains.io.BuiltInServer - web server stopped 
2023-01-05 10:44:43,705 [      0]   INFO -        #com.intellij.idea.Main - ------------------------------------------------------ IDE STARTED ------------------------------------------------------ 
2023-01-05 10:44:43,893 [    188]   INFO - .intellij.util.EnvironmentUtil - loading shell env: /bin/zsh -l -i -c '/Applications/Android Studio.app/Contents/bin/printenv' '/var/folders/xd/805fcnqs3nj56dqdk6vzk5h80000gp/T/intellij-shell-env.12395398508597475218.tmp' 
2023-01-05 10:44:43,941 [    236]   INFO -        #com.intellij.idea.Main - IDE: Android Studio (build #AI-213.7172.25.2113.9014738, 01 Sep 2022 03:42) 
2023-01-05 10:44:43,942 [    237]   INFO -        #com.intellij.idea.Main - OS: Mac OS X (13.0, x86_64) 
2023-01-05 10:44:43,955 [    250]   INFO - .intellij.util.EnvironmentUtil - shell environment loaded (15 vars) 
2023-01-05 10:44:43,987 [    282]   INFO -        #com.intellij.idea.Main - JRE: 11.0.16+11-LTS-199 (Oracle Corporation) 
2023-01-05 10:44:43,988 [    283]   INFO -        #com.intellij.idea.Main - JVM: 11.0.16+11-LTS-199 (Java HotSpot(TM) 64-Bit Server VM) 
2023-01-05 10:44:43,991 [    286]   INFO -        #com.intellij.idea.Main - JVM options: [-Dapple.awt.fileDialogForDirectories=true, -Dapple.laf.useScreenMenuBar=true, -Didea.auto.reload.plugins=true, -Didea.classpath.index.enabled=false, -Didea.config.path=/Users/piseychheang/Documents/Projects/Samples/plugin_generate_screen/build/idea-sandbox/config, -Didea.is.internal=true, -Didea.platform.prefix=AndroidStudio, -Didea.plugins.path=/Users/piseychheang/Documents/Projects/Samples/plugin_generate_screen/build/idea-sandbox/plugins, -Didea.required.plugins.id=com.cps.plugingenerate, -Didea.smooth.progress=false, -Didea.system.path=/Users/piseychheang/Documents/Projects/Samples/plugin_generate_screen/build/idea-sandbox/system, -Xms256m, -Xmx512m, -Dfile.encoding=UTF-8, -Duser.country=US, -Duser.language=en, -Duser.variant, -ea] 
2023-01-05 10:44:43,991 [    286]   INFO -        #com.intellij.idea.Main - args: [] 
2023-01-05 10:44:43,992 [    287]   INFO -        #com.intellij.idea.Main - library path: /Users/piseychheang/Library/Java/Extensions:/Library/Java/Extensions:/Network/Library/Java/Extensions:/System/Library/Java/Extensions:/usr/lib/java:. 
2023-01-05 10:44:43,992 [    287]   INFO -        #com.intellij.idea.Main - boot library path: /Library/Java/JavaVirtualMachines/jdk-11.0.16.jdk/Contents/Home/lib 
2023-01-05 10:44:44,107 [    402]   INFO - .intellij.util.EnvironmentUtil - LC_CTYPE=en_US.UTF-8 
2023-01-05 10:44:44,131 [    426]   INFO -        #com.intellij.idea.Main - locale=en_US JNU=UTF-8 file.encoding=UTF-8
  idea.config.path=/Users/piseychheang/Documents/Projects/Samples/plugin_generate_screen/build/idea-sandbox/config
  idea.system.path=/Users/piseychheang/Documents/Projects/Samples/plugin_generate_screen/build/idea-sandbox/system
  idea.plugins.path=/Users/piseychheang/Documents/Projects/Samples/plugin_generate_screen/build/idea-sandbox/plugins
  idea.log.path=/Users/piseychheang/Documents/Projects/Samples/plugin_generate_screen/build/idea-sandbox/system/log 
2023-01-05 10:44:44,168 [    463]   INFO -        #com.intellij.idea.Main - CPU cores: 4; ForkJoinPool.commonPool: java.util.concurrent.ForkJoinPool@7bb58ca3[Running, parallelism = 3, size = 3, active = 2, running = 1, steals = 4, tasks = 0, submissions = 0]; factory: com.intellij.concurrency.IdeaForkJoinWorkerThreadFactory@c540f5a 
2023-01-05 10:44:44,298 [    593]   INFO - llij.ide.plugins.PluginManager - Plugin PluginDescriptor(name=Groovy, id=org.intellij.groovy, descriptorPath=plugin.xml, path=/Applications/Android Studio.app/Contents/plugins/Groovy, version=213.7172.25.2113.9014738, package=org.jetbrains.plugins.groovy, isBundled=true) misses optional descriptor duplicates-groovy.xml 
2023-01-05 10:44:44,329 [    624]   INFO - llij.ide.plugins.PluginManager - Plugin PluginDescriptor(name=Groovy, id=org.intellij.groovy, descriptorPath=plugin.xml, path=/Applications/Android Studio.app/Contents/plugins/Groovy, version=213.7172.25.2113.9014738, package=org.jetbrains.plugins.groovy, isBundled=true) misses optional descriptor duplicates-detection-groovy.xml 
2023-01-05 10:44:44,527 [    822]   INFO - llij.ide.plugins.PluginManager - Module kotlin.grazie is not enabled because dependency tanvd.grazi is not available
Module kotlin.project-wizard.maven is not enabled because dependency org.jetbrains.idea.maven is not available
Module kotlin.maven is not enabled because dependency org.jetbrains.idea.maven is not available
Module kotlin.compiler-plugins.compiler-plugin-support.maven is not enabled because dependency kotlin.maven is not available
Module kotlin.compiler-plugins.lombok.maven is not enabled because dependency kotlin.maven is not available
Module kotlin.compiler-plugins.kotlinx-serialization.maven is not enabled because dependency kotlin.maven is not available
Module kotlin.compiler-plugins.sam-with-receiver.maven is not enabled because dependency kotlin.maven is not available
Module kotlin.compiler-plugins.noarg.maven is not enabled because dependency kotlin.maven is not available
Module kotlin.compiler-plugins.allopen.maven is not enabled because dependency kotlin.maven is not available
Module intellij.groovy/byte-code-viewer is not enabled because dependency ByteCodeViewer is not available
Module intellij.groovy/ant is not enabled because dependency AntSupport is not available 
2023-01-05 10:44:44,545 [    840]   INFO - llij.ide.plugins.PluginManager - Loaded bundled plugins: IDEA CORE (213.7172.25), Toml (213.7172.25.2113.9014738), Settings Repository (213.7172.25.2113.9014738), YAML (213.7172.25.2113.9014738), TextMate Bundles (213.7172.25.2113.9014738), Terminal (213.7172.25.2113.9014738), JetBrains maven model api classes (213.7172.25.2113.9014738), JetBrains Repository Search (213.7172.25.2113.9014738), EditorConfig (213.7172.25.2113.9014738), WebP Support (213.7172.25.2113.9014738), Mercurial (213.7172.25.2113.9014738), Shell Script (213.7172.25.2113.9014738), Copyright (213.7172.25.2113.9014738), Properties (213.7172.25.2113.9014738), Gradle (213.7172.25.2113.9014738), Images (213.7172.25.2113.9014738), Java (213.7172.25.2113.9014738), Kotlin (213-1.7.10-release-for-android-studio-AS6777.52), Java Bytecode Decompiler (213.7172.25.2113.9014738), Java Stream Debugger (213.7172.25.2113.9014738), IntelliLang (213.7172.25.2113.9014738), Markdown (213.7172.25.2113.9014738), Groovy (213.7172.25.2113.9014738), Task Management (213.7172.25.2113.9014738), Java IDE Customization (213.7172.25.2113.9014738), Java Internationalization (213.7172.25.2113.9014738), Configuration Script (213.7172.25.2113.9014738), Machine Learning Code Completion (213.7172.25.2113.9014738), CIDR Debugger (213.7172.25.2113.9014738), CIDR Base (213.7172.25.2113.9014738), Clangd Support (213.7172.25.2113.9014738), C/C++ Language Support (213.7172.25.2113.9014738), Clangd-CLion Bridge (213.7172.25.2113.9014738), Google Login (213.7172.25.2113.9014738), Smali Support (213.7172.25.2113.9014738), TestNG (213.7172.25.2113.9014738), Subversion (213.7172.25.2113.9014738), JUnit (213.7172.25.2113.9014738), GitHub (213.7172.25.2113.9014738), Git (213.7172.25.2113.9014738), ChangeReminder (213.7172.25.2113.9014738), Code Coverage for Java (213.7172.25.2113.9014738), Gradle-Java (213.7172.25.2113.9014738), Google Cloud Tools Core (213.7172.25.2113.9014738), Android (2021.3.1 Final), App Links Assistant (213.7172.25.2113.9014738), Firebase Testing (213.7172.25.2113.9014738), Test Recorder (213.7172.25.2113.9014738), Google Developers Samples (213.7172.25.2113.9014738), Firebase App Indexing (213.7172.25.2113.9014738), Firebase Services (213.7172.25.2113.9014738), Google Cloud Tools For Android Studio (213.7172.25.2113.9014738), Android NDK Support (213.7172.25.2113.9014738), Android APK Support (213.7172.25.2113.9014738), Design Tools (213.7172.25.2113.9014738), Jetpack Compose (213.7172.25.2113.9014738) 
2023-01-05 10:44:44,545 [    840]   INFO - llij.ide.plugins.PluginManager - Loaded custom plugins: CPS-Screen-Generate (1.0.0) 
2023-01-05 10:44:44,692 [    987]   INFO -        #com.intellij.idea.Main - JNA library (64-bit) loaded in 523 ms 
2023-01-05 10:44:44,692 [    987]   INFO -        #com.intellij.idea.Main - notify that start-up thread is free 
2023-01-05 10:44:45,179 [   1474]   WARN - i.mac.MacOSApplicationProvider - No URL bundle (CFBundleURLTypes) is defined in the main bundle.
To be able to open external links, specify protocols in the app layout section of the build file.
Example: args.urlSchemes = ["your-protocol"] will handle following links: your-protocol://open?file=file&line=line 
2023-01-05 10:44:45,697 [   1992]   INFO - ication.options.PathMacrosImpl - Loaded path macros: {KOTLIN_BUNDLED=/Applications/Android Studio.app/Contents/plugins/Kotlin/kotlinc} 
2023-01-05 10:44:46,299 [   2594]   INFO - cation.options.RegistryManager - Registry values changed by user: external.system.auto.import.disabled = true, ide.text.editor.with.preview.show.floating.toolbar = false 
2023-01-05 10:44:46,383 [   2678]   INFO - intellij.util.io.FilePageCache - lower=100; upper=492; buffer=10; max=492 
2023-01-05 10:44:46,616 [   2911]   INFO - rains.ide.BuiltInServerManager - built-in server started, port 63344 
2023-01-05 10:44:46,934 [   3229]   INFO - til.net.ssl.CertificateManager - Default SSL context initialized 
2023-01-05 10:44:46,942 [   3237]   WARN - j.internal.DebugAttachDetector - Unable to start DebugAttachDetector, please add `--add-exports java.base/jdk.internal.vm=ALL-UNNAMED` to VM options 
2023-01-05 10:44:46,960 [   3255]   WARN - tor.impl.FontFamilyServiceImpl - Couldn't access required runtime API, will fall back to basic logic of font selection 
2023-01-05 10:44:47,156 [   3451]   INFO - verflags.ServerFlagInitializer - Enabled server flags: analytics/surveys/followup, exceptions/ClassCastException, studio_flags/compose.preview.element.picker.enable 
2023-01-05 10:44:47,225 [   3520]   INFO - fs.persistent.PersistentFSImpl - VFS dispose started 
2023-01-05 10:44:47,248 [   3543]   INFO - fs.persistent.PersistentFSImpl - VFS dispose completed 
2023-01-05 10:44:47,248 [   3543]   INFO - stubs.SerializationManagerImpl - Start shutting down /Users/piseychheang/Documents/Projects/Samples/plugin_generate_screen/build/idea-sandbox/system/index/rep.names 
2023-01-05 10:44:47,264 [   3559]   INFO - stubs.SerializationManagerImpl - Finished shutting down /Users/piseychheang/Documents/Projects/Samples/plugin_generate_screen/build/idea-sandbox/system/index/rep.names 
2023-01-05 10:44:47,264 [   3559]   INFO -        #com.intellij.idea.Main - ------------------------------------------------------ IDE SHUTDOWN ------------------------------------------------------ 
2023-01-05 10:44:47,266 [   3561]   INFO - org.jetbrains.io.BuiltInServer - web server stopped 
